# JRE version: OpenJDK Runtime Environment (7.0_95) (build 1.7.0_95-b00)
# Java VM: OpenJDK 64-Bit Server VM (24.95-b01 mixed mode linux-amd64 compressed oops)
Heap
 def new generation   total 26048K, used 26047K [0x00000000d6800000, 0x00000000d8440000, 0x00000000e0e00000)
  eden space 23168K, 100% used [0x00000000d6800000, 0x00000000d7ea0000, 0x00000000d7ea0000)
  from space 2880K,  99% used [0x00000000d8170000, 0x00000000d843fff8, 0x00000000d8440000)
  to   space 2880K,  99% used [0x00000000d7ea0000, 0x00000000d816fff8, 0x00000000d8170000)
 tenured generation   total 57716K, used 57715K [0x00000000e0e00000, 0x00000000e465d000, 0x00000000f5a00000)
   the space 57716K,  99% used [0x00000000e0e00000, 0x00000000e465cf28, 0x00000000e465d000, 0x00000000e465d000)
 compacting perm gen  total 32256K, used 32208K [0x00000000f5a00000, 0x00000000f7980000, 0x0000000100000000)
   the space 32256K,  99% used [0x00000000f5a00000, 0x00000000f7974348, 0x00000000f7974400, 0x00000000f7980000)
GC Heap History (10 events):
Event: 51.462 GC heap after
Heap after GC invocations=99 (full 7):
 def new generation   total 26048K, used 2880K [0x00000000d6800000, 0x00000000d8440000, 0x00000000e0e00000)
  eden space 23168K,   0% used [0x00000000d6800000, 0x00000000d6800000, 0x00000000d7ea0000)
  from space 2880K, 100% used [0x00000000d8170000, 0x00000000d8440000, 0x00000000d8440000)
  to   space 2880K,   0% used [0x00000000d7ea0000, 0x00000000d7ea0000, 0x00000000d8170000)
 tenured generation   total 57716K, used 31913K [0x00000000e0e00000, 0x00000000e465d000, 0x00000000f5a00000)
   the space 57716K,  55% used [0x00000000e0e00000, 0x00000000e2d2a458, 0x00000000e2d2a600, 0x00000000e465d000)
 compacting perm gen  total 32256K, used 32199K [0x00000000f5a00000, 0x00000000f7980000, 0x0000000100000000)
   the space 32256K,  99% used [0x00000000f5a00000, 0x00000000f7971eb8, 0x00000000f7972000, 0x00000000f7980000)
No shared spaces configured.
}
Event: 51.991 GC heap before
{Heap before GC invocations=99 (full 7):
 def new generation   total 26048K, used 26048K [0x00000000d6800000, 0x00000000d8440000, 0x00000000e0e00000)
  eden space 23168K, 100% used [0x00000000d6800000, 0x00000000d7ea0000, 0x00000000d7ea0000)
  from space 2880K, 100% used [0x00000000d8170000, 0x00000000d8440000, 0x00000000d8440000)
  to   space 2880K,   0% used [0x00000000d7ea0000, 0x00000000d7ea0000, 0x00000000d8170000)
 tenured generation   total 57716K, used 31913K [0x00000000e0e00000, 0x00000000e465d000, 0x00000000f5a00000)
   the space 57716K,  55% used [0x00000000e0e00000, 0x00000000e2d2a458, 0x00000000e2d2a600, 0x00000000e465d000)
 compacting perm gen  total 32256K, used 32199K [0x00000000f5a00000, 0x00000000f7980000, 0x0000000100000000)
   the space 32256K,  99% used [0x00000000f5a00000, 0x00000000f7971eb8, 0x00000000f7972000, 0x00000000f7980000)
No shared spaces configured.
Event: 52.021 GC heap after
Heap after GC invocations=100 (full 7):
 def new generation   total 26048K, used 2880K [0x00000000d6800000, 0x00000000d8440000, 0x00000000e0e00000)
  eden space 23168K,   0% used [0x00000000d6800000, 0x00000000d6800000, 0x00000000d7ea0000)
  from space 2880K, 100% used [0x00000000d7ea0000, 0x00000000d8170000, 0x00000000d8170000)
  to   space 2880K,   0% used [0x00000000d8170000, 0x00000000d8170000, 0x00000000d8440000)
 tenured generation   total 57716K, used 38078K [0x00000000e0e00000, 0x00000000e465d000, 0x00000000f5a00000)
   the space 57716K,  65% used [0x00000000e0e00000, 0x00000000e332f990, 0x00000000e332fa00, 0x00000000e465d000)
 compacting perm gen  total 32256K, used 32199K [0x00000000f5a00000, 0x00000000f7980000, 0x0000000100000000)
   the space 32256K,  99% used [0x00000000f5a00000, 0x00000000f7971eb8, 0x00000000f7972000, 0x00000000f7980000)
No shared spaces configured.
}
Event: 52.323 GC heap before
{Heap before GC invocations=100 (full 7):
 def new generation   total 26048K, used 26028K [0x00000000d6800000, 0x00000000d8440000, 0x00000000e0e00000)
  eden space 23168K,  99% used [0x00000000d6800000, 0x00000000d7e9b170, 0x00000000d7ea0000)
  from space 2880K, 100% used [0x00000000d7ea0000, 0x00000000d8170000, 0x00000000d8170000)
  to   space 2880K,   0% used [0x00000000d8170000, 0x00000000d8170000, 0x00000000d8440000)
 tenured generation   total 57716K, used 38078K [0x00000000e0e00000, 0x00000000e465d000, 0x00000000f5a00000)
   the space 57716K,  65% used [0x00000000e0e00000, 0x00000000e332f990, 0x00000000e332fa00, 0x00000000e465d000)
 compacting perm gen  total 32256K, used 32200K [0x00000000f5a00000, 0x00000000f7980000, 0x0000000100000000)
   the space 32256K,  99% used [0x00000000f5a00000, 0x00000000f79721e0, 0x00000000f7972200, 0x00000000f7980000)
No shared spaces configured.
Event: 52.345 GC heap after
Heap after GC invocations=101 (full 7):
 def new generation   total 26048K, used 2880K [0x00000000d6800000, 0x00000000d8440000, 0x00000000e0e00000)
  eden space 23168K,   0% used [0x00000000d6800000, 0x00000000d6800000, 0x00000000d7ea0000)
  from space 2880K, 100% used [0x00000000d8170000, 0x00000000d8440000, 0x00000000d8440000)
  to   space 2880K,   0% used [0x00000000d7ea0000, 0x00000000d7ea0000, 0x00000000d8170000)
 tenured generation   total 57716K, used 42733K [0x00000000e0e00000, 0x00000000e465d000, 0x00000000f5a00000)
   the space 57716K,  74% used [0x00000000e0e00000, 0x00000000e37bb758, 0x00000000e37bb800, 0x00000000e465d000)
 compacting perm gen  total 32256K, used 32200K [0x00000000f5a00000, 0x00000000f7980000, 0x0000000100000000)
   the space 32256K,  99% used [0x00000000f5a00000, 0x00000000f79721e0, 0x00000000f7972200, 0x00000000f7980000)
No shared spaces configured.
}
Event: 52.661 GC heap before
{Heap before GC invocations=101 (full 7):
 def new generation   total 26048K, used 26048K [0x00000000d6800000, 0x00000000d8440000, 0x00000000e0e00000)
  eden space 23168K, 100% used [0x00000000d6800000, 0x00000000d7ea0000, 0x00000000d7ea0000)
  from space 2880K, 100% used [0x00000000d8170000, 0x00000000d8440000, 0x00000000d8440000)
  to   space 2880K,   0% used [0x00000000d7ea0000, 0x00000000d7ea0000, 0x00000000d8170000)
 tenured generation   total 57716K, used 42733K [0x00000000e0e00000, 0x00000000e465d000, 0x00000000f5a00000)
   the space 57716K,  74% used [0x00000000e0e00000, 0x00000000e37bb758, 0x00000000e37bb800, 0x00000000e465d000)
 compacting perm gen  total 32256K, used 32208K [0x00000000f5a00000, 0x00000000f7980000, 0x0000000100000000)
   the space 32256K,  99% used [0x00000000f5a00000, 0x00000000f7974138, 0x00000000f7974200, 0x00000000f7980000)
No shared spaces configured.
Event: 52.676 GC heap after
Heap after GC invocations=102 (full 7):
 def new generation   total 26048K, used 2880K [0x00000000d6800000, 0x00000000d8440000, 0x00000000e0e00000)
  eden space 23168K,   0% used [0x00000000d6800000, 0x00000000d6800000, 0x00000000d7ea0000)
  from space 2880K, 100% used [0x00000000d7ea0000, 0x00000000d8170000, 0x00000000d8170000)
  to   space 2880K,   0% used [0x00000000d8170000, 0x00000000d8170000, 0x00000000d8440000)
 tenured generation   total 57716K, used 46311K [0x00000000e0e00000, 0x00000000e465d000, 0x00000000f5a00000)
   the space 57716K,  80% used [0x00000000e0e00000, 0x00000000e3b39d08, 0x00000000e3b39e00, 0x00000000e465d000)
 compacting perm gen  total 32256K, used 32208K [0x00000000f5a00000, 0x00000000f7980000, 0x0000000100000000)
   the space 32256K,  99% used [0x00000000f5a00000, 0x00000000f7974138, 0x00000000f7974200, 0x00000000f7980000)
No shared spaces configured.
}
Event: 53.226 GC heap before
{Heap before GC invocations=102 (full 7):
 def new generation   total 26048K, used 26048K [0x00000000d6800000, 0x00000000d8440000, 0x00000000e0e00000)
  eden space 23168K, 100% used [0x00000000d6800000, 0x00000000d7ea0000, 0x00000000d7ea0000)
  from space 2880K, 100% used [0x00000000d7ea0000, 0x00000000d8170000, 0x00000000d8170000)
  to   space 2880K,   0% used [0x00000000d8170000, 0x00000000d8170000, 0x00000000d8440000)
 tenured generation   total 57716K, used 46311K [0x00000000e0e00000, 0x00000000e465d000, 0x00000000f5a00000)
   the space 57716K,  80% used [0x00000000e0e00000, 0x00000000e3b39d08, 0x00000000e3b39e00, 0x00000000e465d000)
 compacting perm gen  total 32256K, used 32208K [0x00000000f5a00000, 0x00000000f7980000, 0x0000000100000000)
   the space 32256K,  99% used [0x00000000f5a00000, 0x00000000f7974348, 0x00000000f7974400, 0x00000000f7980000)
No shared spaces configured.
Event: 53.275 GC heap after
Heap after GC invocations=103 (full 7):
 def new generation   total 26048K, used 2879K [0x00000000d6800000, 0x00000000d8440000, 0x00000000e0e00000)
  eden space 23168K,   0% used [0x00000000d6800000, 0x00000000d6800000, 0x00000000d7ea0000)
  from space 2880K,  99% used [0x00000000d8170000, 0x00000000d843fff8, 0x00000000d8440000)
  to   space 2880K,   0% used [0x00000000d7ea0000, 0x00000000d7ea0000, 0x00000000d8170000)
 tenured generation   total 57716K, used 52961K [0x00000000e0e00000, 0x00000000e465d000, 0x00000000f5a00000)
   the space 57716K,  91% used [0x00000000e0e00000, 0x00000000e41b8740, 0x00000000e41b8800, 0x00000000e465d000)
 compacting perm gen  total 32256K, used 32208K [0x00000000f5a00000, 0x00000000f7980000, 0x0000000100000000)
   the space 32256K,  99% used [0x00000000f5a00000, 0x00000000f7974348, 0x00000000f7974400, 0x00000000f7980000)
No shared spaces configured.
}
Event: 53.510 GC heap before
{Heap before GC invocations=103 (full 7):
 def new generation   total 26048K, used 26047K [0x00000000d6800000, 0x00000000d8440000, 0x00000000e0e00000)
  eden space 23168K, 100% used [0x00000000d6800000, 0x00000000d7ea0000, 0x00000000d7ea0000)
  from space 2880K,  99% used [0x00000000d8170000, 0x00000000d843fff8, 0x00000000d8440000)
  to   space 2880K,   0% used [0x00000000d7ea0000, 0x00000000d7ea0000, 0x00000000d8170000)
 tenured generation   total 57716K, used 52961K [0x00000000e0e00000, 0x00000000e465d000, 0x00000000f5a00000)
   the space 57716K,  91% used [0x00000000e0e00000, 0x00000000e41b8740, 0x00000000e41b8800, 0x00000000e465d000)
 compacting perm gen  total 32256K, used 32208K [0x00000000f5a00000, 0x00000000f7980000, 0x0000000100000000)
   the space 32256K,  99% used [0x00000000f5a00000, 0x00000000f7974348, 0x00000000f7974400, 0x00000000f7980000)
No shared spaces configured.

