# JRE version: OpenJDK Runtime Environment (7.0_95) (build 1.7.0_95-b00)
# Java VM: OpenJDK 64-Bit Server VM (24.95-b01 mixed mode linux-amd64 compressed oops)
Heap
 def new generation   total 25216K, used 25215K [0x00000000d6800000, 0x00000000d8350000, 0x00000000e0e00000)
  eden space 22464K, 100% used [0x00000000d6800000, 0x00000000d7df0000, 0x00000000d7df0000)
  from space 2752K,  99% used [0x00000000d80a0000, 0x00000000d834fff8, 0x00000000d8350000)
  to   space 2752K,  99% used [0x00000000d7df0000, 0x00000000d809fff8, 0x00000000d80a0000)
 tenured generation   total 56692K, used 56691K [0x00000000e0e00000, 0x00000000e455d000, 0x00000000f5a00000)
   the space 56692K,  99% used [0x00000000e0e00000, 0x00000000e455cff0, 0x00000000e455d000, 0x00000000e455d000)
 compacting perm gen  total 32256K, used 32221K [0x00000000f5a00000, 0x00000000f7980000, 0x0000000100000000)
   the space 32256K,  99% used [0x00000000f5a00000, 0x00000000f7977650, 0x00000000f7977800, 0x00000000f7980000)
GC Heap History (10 events):
Event: 47.847 GC heap after
Heap after GC invocations=100 (full 7):
 def new generation   total 25216K, used 2751K [0x00000000d6800000, 0x00000000d8350000, 0x00000000e0e00000)
  eden space 22464K,   0% used [0x00000000d6800000, 0x00000000d6800000, 0x00000000d7df0000)
  from space 2752K,  99% used [0x00000000d80a0000, 0x00000000d834fff8, 0x00000000d8350000)
  to   space 2752K,   0% used [0x00000000d7df0000, 0x00000000d7df0000, 0x00000000d80a0000)
 tenured generation   total 55732K, used 31541K [0x00000000e0e00000, 0x00000000e446d000, 0x00000000f5a00000)
   the space 55732K,  56% used [0x00000000e0e00000, 0x00000000e2ccd6e8, 0x00000000e2ccd800, 0x00000000e446d000)
 compacting perm gen  total 32256K, used 32212K [0x00000000f5a00000, 0x00000000f7980000, 0x0000000100000000)
   the space 32256K,  99% used [0x00000000f5a00000, 0x00000000f79750a8, 0x00000000f7975200, 0x00000000f7980000)
No shared spaces configured.
}
Event: 48.226 GC heap before
{Heap before GC invocations=100 (full 7):
 def new generation   total 25216K, used 25215K [0x00000000d6800000, 0x00000000d8350000, 0x00000000e0e00000)
  eden space 22464K, 100% used [0x00000000d6800000, 0x00000000d7df0000, 0x00000000d7df0000)
  from space 2752K,  99% used [0x00000000d80a0000, 0x00000000d834fff8, 0x00000000d8350000)
  to   space 2752K,   0% used [0x00000000d7df0000, 0x00000000d7df0000, 0x00000000d80a0000)
 tenured generation   total 55732K, used 31541K [0x00000000e0e00000, 0x00000000e446d000, 0x00000000f5a00000)
   the space 55732K,  56% used [0x00000000e0e00000, 0x00000000e2ccd6e8, 0x00000000e2ccd800, 0x00000000e446d000)
 compacting perm gen  total 32256K, used 32212K [0x00000000f5a00000, 0x00000000f7980000, 0x0000000100000000)
   the space 32256K,  99% used [0x00000000f5a00000, 0x00000000f79751c0, 0x00000000f7975200, 0x00000000f7980000)
No shared spaces configured.
Event: 48.237 GC heap after
Heap after GC invocations=101 (full 7):
 def new generation   total 25216K, used 2752K [0x00000000d6800000, 0x00000000d8350000, 0x00000000e0e00000)
  eden space 22464K,   0% used [0x00000000d6800000, 0x00000000d6800000, 0x00000000d7df0000)
  from space 2752K, 100% used [0x00000000d7df0000, 0x00000000d80a0000, 0x00000000d80a0000)
  to   space 2752K,   0% used [0x00000000d80a0000, 0x00000000d80a0000, 0x00000000d8350000)
 tenured generation   total 55732K, used 37463K [0x00000000e0e00000, 0x00000000e446d000, 0x00000000f5a00000)
   the space 55732K,  67% used [0x00000000e0e00000, 0x00000000e3295d78, 0x00000000e3295e00, 0x00000000e446d000)
 compacting perm gen  total 32256K, used 32212K [0x00000000f5a00000, 0x00000000f7980000, 0x0000000100000000)
   the space 32256K,  99% used [0x00000000f5a00000, 0x00000000f79751c0, 0x00000000f7975200, 0x00000000f7980000)
No shared spaces configured.
}
Event: 48.339 GC heap before
{Heap before GC invocations=101 (full 7):
 def new generation   total 25216K, used 25216K [0x00000000d6800000, 0x00000000d8350000, 0x00000000e0e00000)
  eden space 22464K, 100% used [0x00000000d6800000, 0x00000000d7df0000, 0x00000000d7df0000)
  from space 2752K, 100% used [0x00000000d7df0000, 0x00000000d80a0000, 0x00000000d80a0000)
  to   space 2752K,   0% used [0x00000000d80a0000, 0x00000000d80a0000, 0x00000000d8350000)
 tenured generation   total 55732K, used 37463K [0x00000000e0e00000, 0x00000000e446d000, 0x00000000f5a00000)
   the space 55732K,  67% used [0x00000000e0e00000, 0x00000000e3295d78, 0x00000000e3295e00, 0x00000000e446d000)
 compacting perm gen  total 32256K, used 32212K [0x00000000f5a00000, 0x00000000f7980000, 0x0000000100000000)
   the space 32256K,  99% used [0x00000000f5a00000, 0x00000000f79751c0, 0x00000000f7975200, 0x00000000f7980000)
No shared spaces configured.
Event: 48.346 GC heap after
Heap after GC invocations=102 (full 7):
 def new generation   total 25216K, used 2380K [0x00000000d6800000, 0x00000000d8350000, 0x00000000e0e00000)
  eden space 22464K,   0% used [0x00000000d6800000, 0x00000000d6800000, 0x00000000d7df0000)
  from space 2752K,  86% used [0x00000000d80a0000, 0x00000000d82f3258, 0x00000000d8350000)
  to   space 2752K,   0% used [0x00000000d7df0000, 0x00000000d7df0000, 0x00000000d80a0000)
 tenured generation   total 55732K, used 39805K [0x00000000e0e00000, 0x00000000e446d000, 0x00000000f5a00000)
   the space 55732K,  71% used [0x00000000e0e00000, 0x00000000e34df6d0, 0x00000000e34df800, 0x00000000e446d000)
 compacting perm gen  total 32256K, used 32212K [0x00000000f5a00000, 0x00000000f7980000, 0x0000000100000000)
   the space 32256K,  99% used [0x00000000f5a00000, 0x00000000f79751c0, 0x00000000f7975200, 0x00000000f7980000)
No shared spaces configured.
}
Event: 48.838 GC heap before
{Heap before GC invocations=102 (full 7):
 def new generation   total 25216K, used 24844K [0x00000000d6800000, 0x00000000d8350000, 0x00000000e0e00000)
  eden space 22464K, 100% used [0x00000000d6800000, 0x00000000d7df0000, 0x00000000d7df0000)
  from space 2752K,  86% used [0x00000000d80a0000, 0x00000000d82f3258, 0x00000000d8350000)
  to   space 2752K,   0% used [0x00000000d7df0000, 0x00000000d7df0000, 0x00000000d80a0000)
 tenured generation   total 55732K, used 39805K [0x00000000e0e00000, 0x00000000e446d000, 0x00000000f5a00000)
   the space 55732K,  71% used [0x00000000e0e00000, 0x00000000e34df6d0, 0x00000000e34df800, 0x00000000e446d000)
 compacting perm gen  total 32256K, used 32220K [0x00000000f5a00000, 0x00000000f7980000, 0x0000000100000000)
   the space 32256K,  99% used [0x00000000f5a00000, 0x00000000f7977328, 0x00000000f7977400, 0x00000000f7980000)
No shared spaces configured.
Event: 48.852 GC heap after
Heap after GC invocations=103 (full 7):
 def new generation   total 25216K, used 2751K [0x00000000d6800000, 0x00000000d8350000, 0x00000000e0e00000)
  eden space 22464K,   0% used [0x00000000d6800000, 0x00000000d6800000, 0x00000000d7df0000)
  from space 2752K,  99% used [0x00000000d7df0000, 0x00000000d809fff8, 0x00000000d80a0000)
  to   space 2752K,   0% used [0x00000000d80a0000, 0x00000000d80a0000, 0x00000000d8350000)
 tenured generation   total 55732K, used 43602K [0x00000000e0e00000, 0x00000000e446d000, 0x00000000f5a00000)
   the space 55732K,  78% used [0x00000000e0e00000, 0x00000000e3894a30, 0x00000000e3894c00, 0x00000000e446d000)
 compacting perm gen  total 32256K, used 32220K [0x00000000f5a00000, 0x00000000f7980000, 0x0000000100000000)
   the space 32256K,  99% used [0x00000000f5a00000, 0x00000000f7977328, 0x00000000f7977400, 0x00000000f7980000)
No shared spaces configured.
}
Event: 49.077 GC heap before
{Heap before GC invocations=103 (full 7):
 def new generation   total 25216K, used 25215K [0x00000000d6800000, 0x00000000d8350000, 0x00000000e0e00000)
  eden space 22464K, 100% used [0x00000000d6800000, 0x00000000d7df0000, 0x00000000d7df0000)
  from space 2752K,  99% used [0x00000000d7df0000, 0x00000000d809fff8, 0x00000000d80a0000)
  to   space 2752K,   0% used [0x00000000d80a0000, 0x00000000d80a0000, 0x00000000d8350000)
 tenured generation   total 55732K, used 43602K [0x00000000e0e00000, 0x00000000e446d000, 0x00000000f5a00000)
   the space 55732K,  78% used [0x00000000e0e00000, 0x00000000e3894a30, 0x00000000e3894c00, 0x00000000e446d000)
 compacting perm gen  total 32256K, used 32221K [0x00000000f5a00000, 0x00000000f7980000, 0x0000000100000000)
   the space 32256K,  99% used [0x00000000f5a00000, 0x00000000f7977650, 0x00000000f7977800, 0x00000000f7980000)
No shared spaces configured.
Event: 49.089 GC heap after
Heap after GC invocations=104 (full 7):
 def new generation   total 25216K, used 2751K [0x00000000d6800000, 0x00000000d8350000, 0x00000000e0e00000)
  eden space 22464K,   0% used [0x00000000d6800000, 0x00000000d6800000, 0x00000000d7df0000)
  from space 2752K,  99% used [0x00000000d80a0000, 0x00000000d834fff8, 0x00000000d8350000)
  to   space 2752K,   0% used [0x00000000d7df0000, 0x00000000d7df0000, 0x00000000d80a0000)
 tenured generation   total 55732K, used 50339K [0x00000000e0e00000, 0x00000000e446d000, 0x00000000f5a00000)
   the space 55732K,  90% used [0x00000000e0e00000, 0x00000000e3f28d28, 0x00000000e3f28e00, 0x00000000e446d000)
 compacting perm gen  total 32256K, used 32221K [0x00000000f5a00000, 0x00000000f7980000, 0x0000000100000000)
   the space 32256K,  99% used [0x00000000f5a00000, 0x00000000f7977650, 0x00000000f7977800, 0x00000000f7980000)
No shared spaces configured.
}
Event: 49.212 GC heap before
{Heap before GC invocations=104 (full 7):
 def new generation   total 25216K, used 25215K [0x00000000d6800000, 0x00000000d8350000, 0x00000000e0e00000)
  eden space 22464K, 100% used [0x00000000d6800000, 0x00000000d7df0000, 0x00000000d7df0000)
  from space 2752K,  99% used [0x00000000d80a0000, 0x00000000d834fff8, 0x00000000d8350000)
  to   space 2752K,   0% used [0x00000000d7df0000, 0x00000000d7df0000, 0x00000000d80a0000)
 tenured generation   total 55732K, used 50339K [0x00000000e0e00000, 0x00000000e446d000, 0x00000000f5a00000)
   the space 55732K,  90% used [0x00000000e0e00000, 0x00000000e3f28d28, 0x00000000e3f28e00, 0x00000000e446d000)
 compacting perm gen  total 32256K, used 32221K [0x00000000f5a00000, 0x00000000f7980000, 0x0000000100000000)
   the space 32256K,  99% used [0x00000000f5a00000, 0x00000000f7977650, 0x00000000f7977800, 0x00000000f7980000)
No shared spaces configured.

